[debug] [2023-12-31T15:41:56.175Z] ----------------------------------------------------------------------
[debug] [2023-12-31T15:41:56.177Z] Command:       C:\Program Files\nodejs\node.exe C:\Users\galle\AppData\Roaming\npm\node_modules\firebase-tools\lib\bin\firebase.js init
[debug] [2023-12-31T15:41:56.178Z] CLI Version:   10.9.2
[debug] [2023-12-31T15:41:56.178Z] Platform:      win32
[debug] [2023-12-31T15:41:56.178Z] Node Version:  v16.13.1
[debug] [2023-12-31T15:41:56.179Z] Time:          Sun Dec 31 2023 17:41:56 GMT+0200 (שעון ישראל (חורף))
[debug] [2023-12-31T15:41:56.179Z] ----------------------------------------------------------------------
[debug] 
[debug] [2023-12-31T15:41:56.236Z] > command requires scopes: ["email","openid","https://www.googleapis.com/auth/cloudplatformprojects.readonly","https://www.googleapis.com/auth/firebase","https://www.googleapis.com/auth/cloud-platform"]
[debug] [2023-12-31T15:41:56.237Z] > authorizing via signed-in user (gallevy1994@gmail.com)
[info] 
     ######## #### ########  ######## ########     ###     ######  ########
     ##        ##  ##     ## ##       ##     ##  ##   ##  ##       ##
     ######    ##  ########  ######   ########  #########  ######  ######
     ##        ##  ##    ##  ##       ##     ## ##     ##       ## ##
     ##       #### ##     ## ######## ########  ##     ##  ######  ########

You're about to initialize a Firebase project in this directory:

  C:\Users\galle\OneDrive\Desktop\Web\Projects\Projects\portfolio-web\portfolio

Before we get started, keep in mind:

  * You are initializing within an existing Firebase project directory

